[33mWARNING[0m:  [15-02-2025 19:55:55] chroma_server_nofile is set to 65535, but this is less than current soft limit of 1048575. chroma_server_nofile will not be set.
[32mINFO[0m:     [15-02-2025 19:55:55] Anonymized telemetry enabled. See                     https://docs.trychroma.com/telemetry for more information.
[36mDEBUG[0m:    [15-02-2025 19:55:55] Starting component System
[36mDEBUG[0m:    [15-02-2025 19:55:55] Starting component OpenTelemetryClient
[36mDEBUG[0m:    [15-02-2025 19:55:55] Starting component SqliteDB
[36mDEBUG[0m:    [15-02-2025 19:55:55] Starting component SimpleQuotaEnforcer
[36mDEBUG[0m:    [15-02-2025 19:55:55] Starting component Posthog
[36mDEBUG[0m:    [15-02-2025 19:55:55] Starting component SimpleRateLimitEnforcer
[36mDEBUG[0m:    [15-02-2025 19:55:55] Starting component LocalSegmentManager
[36mDEBUG[0m:    [15-02-2025 19:55:55] Starting component LocalExecutor
[36mDEBUG[0m:    [15-02-2025 19:55:55] Starting component SegmentAPI
[36mDEBUG[0m:    [15-02-2025 19:55:55] Starting component SimpleAsyncRateLimitEnforcer
[32mINFO[0m:     [15-02-2025 19:55:55] Started server process [[36m21864[0m]
[32mINFO[0m:     [15-02-2025 19:55:55] Waiting for application startup.
[32mINFO[0m:     [15-02-2025 19:55:55] Application startup complete.
[32mINFO[0m:     [15-02-2025 19:55:55] Uvicorn running on [1mhttp://localhost:8000[0m (Press CTRL+C to quit)
[32mINFO[0m:     [15-02-2025 19:56:37] ::1:62117 - "GET / HTTP/1.1" 404
[32mINFO[0m:     [15-02-2025 19:56:37] ::1:62117 - "GET /favicon.ico HTTP/1.1" 404
[32mINFO[0m:     [15-02-2025 19:58:12] ::1:62237 - "GET / HTTP/1.1" 404
[32mINFO[0m:     [15-02-2025 20:01:17] Shutting down
[32mINFO[0m:     [15-02-2025 20:01:17] Waiting for application shutdown.
[36mDEBUG[0m:    [15-02-2025 20:01:17] Stopping component System
[36mDEBUG[0m:    [15-02-2025 20:01:17] Stopping component SegmentAPI
[36mDEBUG[0m:    [15-02-2025 20:01:17] Stopping component LocalExecutor
[36mDEBUG[0m:    [15-02-2025 20:01:17] Stopping component LocalSegmentManager
[36mDEBUG[0m:    [15-02-2025 20:01:17] Stopping component SimpleAsyncRateLimitEnforcer
[36mDEBUG[0m:    [15-02-2025 20:01:17] Stopping component SimpleRateLimitEnforcer
[36mDEBUG[0m:    [15-02-2025 20:01:17] Stopping component Posthog
[36mDEBUG[0m:    [15-02-2025 20:01:17] Stopping component SimpleQuotaEnforcer
[36mDEBUG[0m:    [15-02-2025 20:01:17] Stopping component SqliteDB
[36mDEBUG[0m:    [15-02-2025 20:01:17] Stopping component OpenTelemetryClient
[32mINFO[0m:     [15-02-2025 20:01:17] Application shutdown complete.
[32mINFO[0m:     [15-02-2025 20:01:17] Finished server process [[36m21864[0m]
[33mWARNING[0m:  [15-02-2025 20:03:51] chroma_server_nofile is set to 65535, but this is less than current soft limit of 1048575. chroma_server_nofile will not be set.
[32mINFO[0m:     [15-02-2025 20:03:52] Anonymized telemetry enabled. See                     https://docs.trychroma.com/telemetry for more information.
[36mDEBUG[0m:    [15-02-2025 20:03:52] Starting component System
[36mDEBUG[0m:    [15-02-2025 20:03:52] Starting component OpenTelemetryClient
[36mDEBUG[0m:    [15-02-2025 20:03:52] Starting component SqliteDB
[36mDEBUG[0m:    [15-02-2025 20:03:52] Starting component SimpleQuotaEnforcer
[36mDEBUG[0m:    [15-02-2025 20:03:52] Starting component Posthog
[36mDEBUG[0m:    [15-02-2025 20:03:52] Starting component SimpleRateLimitEnforcer
[36mDEBUG[0m:    [15-02-2025 20:03:52] Starting component LocalSegmentManager
[36mDEBUG[0m:    [15-02-2025 20:03:52] Starting component LocalExecutor
[36mDEBUG[0m:    [15-02-2025 20:03:52] Starting component SegmentAPI
[36mDEBUG[0m:    [15-02-2025 20:03:52] Starting component SimpleAsyncRateLimitEnforcer
[32mINFO[0m:     [15-02-2025 20:03:52] Started server process [[36m26386[0m]
[32mINFO[0m:     [15-02-2025 20:03:52] Waiting for application startup.
[32mINFO[0m:     [15-02-2025 20:03:52] Application startup complete.
[32mINFO[0m:     [15-02-2025 20:03:52] Uvicorn running on [1mhttp://localhost:8000[0m (Press CTRL+C to quit)
[32mINFO[0m:     [15-02-2025 20:03:56] ::1:62589 - "GET / HTTP/1.1" 404
[32mINFO[0m:     [15-02-2025 20:11:23] Shutting down
[32mINFO[0m:     [15-02-2025 20:11:23] Waiting for application shutdown.
[36mDEBUG[0m:    [15-02-2025 20:11:23] Stopping component System
[36mDEBUG[0m:    [15-02-2025 20:11:23] Stopping component SegmentAPI
[36mDEBUG[0m:    [15-02-2025 20:11:23] Stopping component LocalExecutor
[36mDEBUG[0m:    [15-02-2025 20:11:23] Stopping component LocalSegmentManager
[36mDEBUG[0m:    [15-02-2025 20:11:23] Stopping component SimpleAsyncRateLimitEnforcer
[36mDEBUG[0m:    [15-02-2025 20:11:23] Stopping component SimpleRateLimitEnforcer
[36mDEBUG[0m:    [15-02-2025 20:11:23] Stopping component Posthog
[36mDEBUG[0m:    [15-02-2025 20:11:23] Stopping component SimpleQuotaEnforcer
[36mDEBUG[0m:    [15-02-2025 20:11:23] Stopping component SqliteDB
[36mDEBUG[0m:    [15-02-2025 20:11:23] Stopping component OpenTelemetryClient
[32mINFO[0m:     [15-02-2025 20:11:23] Application shutdown complete.
[32mINFO[0m:     [15-02-2025 20:11:23] Finished server process [[36m26386[0m]
